HW3CAT/app/build/intermediates/manifest_merge_blame_file/debug/manifest-merger-blame-debug-report.txt
1<?xml version="1.0" encoding="utf-8"?>
2<manifest xmlns:android="http://schemas.android.com/apk/res/android"
3    package="com.example.hw3cat"
4    android:versionCode="1"
5    android:versionName="1.0" >
6
7    <uses-sdk
8        android:minSdkVersion="14"
8-->src/main/AndroidManifest.xml
9        android:targetSdkVersion="29" />
9-->src/main/AndroidManifest.xml
10
11    <uses-permission android:name="android.permission.INTERNET" />
11-->src/main/AndroidManifest.xml:5:5-67
11-->src/main/AndroidManifest.xml:5:22-64
12
13    <application
13-->src/main/AndroidManifest.xml:7:5-26:19
14        android:allowBackup="true"
14-->src/main/AndroidManifest.xml:8:9-35
15        android:appComponentFactory="androidx.core.app.CoreComponentFactory"
15-->[androidx.core:core:1.1.0] AndroidManifest.xml:24:18-86
16        android:debuggable="true"
17        android:icon="@mipmap/ic_launcher"
17-->src/main/AndroidManifest.xml:9:9-43
18        android:label="@string/app_name"
18-->src/main/AndroidManifest.xml:10:9-41
19        android:roundIcon="@mipmap/ic_launcher_round"
19-->src/main/AndroidManifest.xml:11:9-54
20        android:supportsRtl="true"
20-->src/main/AndroidManifest.xml:12:9-35
21        android:theme="@style/AppTheme" >
21-->src/main/AndroidManifest.xml:13:9-40
22        <activity
22-->src/main/AndroidManifest.xml:14:9-16:67
23            android:name="com.example.hw3cat.DetailActivity"
23-->src/main/AndroidManifest.xml:15:13-43
24            android:parentActivityName="com.example.hw3cat.MainActivity" />
24-->src/main/AndroidManifest.xml:16:13-55
25        <activity
25-->src/main/AndroidManifest.xml:17:9-25:20
26            android:name="com.example.hw3cat.MainActivity"
26-->src/main/AndroidManifest.xml:18:13-41
27            android:launchMode="singleTask" >
27-->src/main/AndroidManifest.xml:19:13-44
28            <intent-filter>
28-->src/main/AndroidManifest.xml:20:13-24:29
29                <action android:name="android.intent.action.MAIN" />
29-->src/main/AndroidManifest.xml:21:17-69
29-->src/main/AndroidManifest.xml:21:25-66
30
31                <category android:name="android.intent.category.LAUNCHER" />
31-->src/main/AndroidManifest.xml:23:17-77
31-->src/main/AndroidManifest.xml:23:27-74
32            </intent-filter>
33        </activity>
34    </application>
35
36</manifest>